2016-08-07 00:58:56,042 - requests_oauthlib.oauth1_auth - DEBUG - Signing request <PreparedRequest [POST]> using client <Client nonce=None, signature_method=HMAC-SHA1, realm=None, encoding=utf-8, timestamp=None, resource_owner_secret=****, decoding=None, verifier=None, signature_type=AUTH_HEADER, rsa_key=None, resource_owner_key=2812253327-DiPF2EIYrPHU2U9V8d3uH8qttGpwJSWcVyt5Otn, client_secret=****, callback_uri=None, client_key=cWbUtUlTKAmmqy6dvmAqCN2ES>
2016-08-07 00:58:56,042 - requests_oauthlib.oauth1_auth - DEBUG - Including body in call to sign: True
2016-08-07 00:58:56,043 - oauthlib.oauth1.rfc5849 - DEBUG - Collected params: [(u'delimited', u'length'), (u'oauth_nonce', u'144366085705614210881470531536'), (u'oauth_timestamp', u'1470531536'), (u'oauth_consumer_key', u'cWbUtUlTKAmmqy6dvmAqCN2ES'), (u'oauth_signature_method', u'HMAC-SHA1'), (u'oauth_version', u'1.0'), (u'oauth_token', u'2812253327-DiPF2EIYrPHU2U9V8d3uH8qttGpwJSWcVyt5Otn'), (u'track', u'a,the,i,you,u'), (u'language', u'en')]
2016-08-07 00:58:56,044 - oauthlib.oauth1.rfc5849 - DEBUG - Normalized params: delimited=length&language=en&oauth_consumer_key=cWbUtUlTKAmmqy6dvmAqCN2ES&oauth_nonce=144366085705614210881470531536&oauth_signature_method=HMAC-SHA1&oauth_timestamp=1470531536&oauth_token=2812253327-DiPF2EIYrPHU2U9V8d3uH8qttGpwJSWcVyt5Otn&oauth_version=1.0&track=a%2Cthe%2Ci%2Cyou%2Cu
2016-08-07 00:58:56,044 - oauthlib.oauth1.rfc5849 - DEBUG - Normalized URI: https://stream.twitter.com/1.1/statuses/filter.json
2016-08-07 00:58:56,044 - oauthlib.oauth1.rfc5849 - DEBUG - Base signing string: POST&https%3A%2F%2Fstream.twitter.com%2F1.1%2Fstatuses%2Ffilter.json&delimited%3Dlength%26language%3Den%26oauth_consumer_key%3DcWbUtUlTKAmmqy6dvmAqCN2ES%26oauth_nonce%3D144366085705614210881470531536%26oauth_signature_method%3DHMAC-SHA1%26oauth_timestamp%3D1470531536%26oauth_token%3D2812253327-DiPF2EIYrPHU2U9V8d3uH8qttGpwJSWcVyt5Otn%26oauth_version%3D1.0%26track%3Da%252Cthe%252Ci%252Cyou%252Cu
2016-08-07 00:58:56,047 - oauthlib.oauth1.rfc5849 - DEBUG - Signature: ofz5rtFqHNVjYsJfPAB2kobcqJ4=
2016-08-07 00:58:56,047 - requests_oauthlib.oauth1_auth - DEBUG - Updated url: https://stream.twitter.com/1.1/statuses/filter.json?delimited=length
2016-08-07 00:58:56,047 - requests_oauthlib.oauth1_auth - DEBUG - Updated headers: {u'Content-Length': u'39', u'Content-Type': u'application/x-www-form-urlencoded', u'Authorization': u'OAuth oauth_nonce="144366085705614210881470531536", oauth_timestamp="1470531536", oauth_version="1.0", oauth_signature_method="HMAC-SHA1", oauth_consumer_key="cWbUtUlTKAmmqy6dvmAqCN2ES", oauth_token="2812253327-DiPF2EIYrPHU2U9V8d3uH8qttGpwJSWcVyt5Otn", oauth_signature="ofz5rtFqHNVjYsJfPAB2kobcqJ4%3D"'}
2016-08-07 00:58:56,048 - requests_oauthlib.oauth1_auth - DEBUG - Updated body: u'track=a%2Cthe%2Ci%2Cyou%2Cu&language=en'
2016-08-07 00:58:56,051 - requests.packages.urllib3.connectionpool - INFO - Starting new HTTPS connection (1): stream.twitter.com
2016-08-07 00:58:56,155 - requests.packages.urllib3.connectionpool - DEBUG - "POST /1.1/statuses/filter.json?delimited=length HTTP/1.1" 420 36
2016-08-07 00:59:56,216 - requests_oauthlib.oauth1_auth - DEBUG - Signing request <PreparedRequest [POST]> using client <Client nonce=None, signature_method=HMAC-SHA1, realm=None, encoding=utf-8, timestamp=None, resource_owner_secret=****, decoding=None, verifier=None, signature_type=AUTH_HEADER, rsa_key=None, resource_owner_key=2812253327-DiPF2EIYrPHU2U9V8d3uH8qttGpwJSWcVyt5Otn, client_secret=****, callback_uri=None, client_key=cWbUtUlTKAmmqy6dvmAqCN2ES>
2016-08-07 00:59:56,216 - requests_oauthlib.oauth1_auth - DEBUG - Including body in call to sign: True
2016-08-07 00:59:56,217 - oauthlib.oauth1.rfc5849 - DEBUG - Collected params: [(u'delimited', u'length'), (u'oauth_nonce', u'109580374239463232761470531596'), (u'oauth_timestamp', u'1470531596'), (u'oauth_consumer_key', u'cWbUtUlTKAmmqy6dvmAqCN2ES'), (u'oauth_signature_method', u'HMAC-SHA1'), (u'oauth_version', u'1.0'), (u'oauth_token', u'2812253327-DiPF2EIYrPHU2U9V8d3uH8qttGpwJSWcVyt5Otn'), (u'track', u'a,the,i,you,u'), (u'language', u'en')]
2016-08-07 00:59:56,217 - oauthlib.oauth1.rfc5849 - DEBUG - Normalized params: delimited=length&language=en&oauth_consumer_key=cWbUtUlTKAmmqy6dvmAqCN2ES&oauth_nonce=109580374239463232761470531596&oauth_signature_method=HMAC-SHA1&oauth_timestamp=1470531596&oauth_token=2812253327-DiPF2EIYrPHU2U9V8d3uH8qttGpwJSWcVyt5Otn&oauth_version=1.0&track=a%2Cthe%2Ci%2Cyou%2Cu
2016-08-07 00:59:56,217 - oauthlib.oauth1.rfc5849 - DEBUG - Normalized URI: https://stream.twitter.com/1.1/statuses/filter.json
2016-08-07 00:59:56,218 - oauthlib.oauth1.rfc5849 - DEBUG - Base signing string: POST&https%3A%2F%2Fstream.twitter.com%2F1.1%2Fstatuses%2Ffilter.json&delimited%3Dlength%26language%3Den%26oauth_consumer_key%3DcWbUtUlTKAmmqy6dvmAqCN2ES%26oauth_nonce%3D109580374239463232761470531596%26oauth_signature_method%3DHMAC-SHA1%26oauth_timestamp%3D1470531596%26oauth_token%3D2812253327-DiPF2EIYrPHU2U9V8d3uH8qttGpwJSWcVyt5Otn%26oauth_version%3D1.0%26track%3Da%252Cthe%252Ci%252Cyou%252Cu
2016-08-07 00:59:56,218 - oauthlib.oauth1.rfc5849 - DEBUG - Signature: 6kbRPPIdtFgwlPLgURuj2O1F13g=
2016-08-07 00:59:56,219 - requests_oauthlib.oauth1_auth - DEBUG - Updated url: https://stream.twitter.com/1.1/statuses/filter.json?delimited=length
2016-08-07 00:59:56,219 - requests_oauthlib.oauth1_auth - DEBUG - Updated headers: {u'Content-Length': u'39', u'Content-Type': u'application/x-www-form-urlencoded', u'Authorization': u'OAuth oauth_nonce="109580374239463232761470531596", oauth_timestamp="1470531596", oauth_version="1.0", oauth_signature_method="HMAC-SHA1", oauth_consumer_key="cWbUtUlTKAmmqy6dvmAqCN2ES", oauth_token="2812253327-DiPF2EIYrPHU2U9V8d3uH8qttGpwJSWcVyt5Otn", oauth_signature="6kbRPPIdtFgwlPLgURuj2O1F13g%3D"'}
2016-08-07 00:59:56,219 - requests_oauthlib.oauth1_auth - DEBUG - Updated body: u'track=a%2Cthe%2Ci%2Cyou%2Cu&language=en'
2016-08-07 00:59:56,221 - requests.packages.urllib3.connectionpool - INFO - Starting new HTTPS connection (2): stream.twitter.com
2016-08-07 00:59:56,381 - requests.packages.urllib3.connectionpool - DEBUG - "POST /1.1/statuses/filter.json?delimited=length HTTP/1.1" 420 36
2016-08-07 01:01:56,486 - requests_oauthlib.oauth1_auth - DEBUG - Signing request <PreparedRequest [POST]> using client <Client nonce=None, signature_method=HMAC-SHA1, realm=None, encoding=utf-8, timestamp=None, resource_owner_secret=****, decoding=None, verifier=None, signature_type=AUTH_HEADER, rsa_key=None, resource_owner_key=2812253327-DiPF2EIYrPHU2U9V8d3uH8qttGpwJSWcVyt5Otn, client_secret=****, callback_uri=None, client_key=cWbUtUlTKAmmqy6dvmAqCN2ES>
2016-08-07 01:01:56,486 - requests_oauthlib.oauth1_auth - DEBUG - Including body in call to sign: True
2016-08-07 01:01:56,487 - oauthlib.oauth1.rfc5849 - DEBUG - Collected params: [(u'delimited', u'length'), (u'oauth_nonce', u'144195045826619273781470531716'), (u'oauth_timestamp', u'1470531716'), (u'oauth_consumer_key', u'cWbUtUlTKAmmqy6dvmAqCN2ES'), (u'oauth_signature_method', u'HMAC-SHA1'), (u'oauth_version', u'1.0'), (u'oauth_token', u'2812253327-DiPF2EIYrPHU2U9V8d3uH8qttGpwJSWcVyt5Otn'), (u'track', u'a,the,i,you,u'), (u'language', u'en')]
2016-08-07 01:01:56,487 - oauthlib.oauth1.rfc5849 - DEBUG - Normalized params: delimited=length&language=en&oauth_consumer_key=cWbUtUlTKAmmqy6dvmAqCN2ES&oauth_nonce=144195045826619273781470531716&oauth_signature_method=HMAC-SHA1&oauth_timestamp=1470531716&oauth_token=2812253327-DiPF2EIYrPHU2U9V8d3uH8qttGpwJSWcVyt5Otn&oauth_version=1.0&track=a%2Cthe%2Ci%2Cyou%2Cu
2016-08-07 01:01:56,487 - oauthlib.oauth1.rfc5849 - DEBUG - Normalized URI: https://stream.twitter.com/1.1/statuses/filter.json
2016-08-07 01:01:56,487 - oauthlib.oauth1.rfc5849 - DEBUG - Base signing string: POST&https%3A%2F%2Fstream.twitter.com%2F1.1%2Fstatuses%2Ffilter.json&delimited%3Dlength%26language%3Den%26oauth_consumer_key%3DcWbUtUlTKAmmqy6dvmAqCN2ES%26oauth_nonce%3D144195045826619273781470531716%26oauth_signature_method%3DHMAC-SHA1%26oauth_timestamp%3D1470531716%26oauth_token%3D2812253327-DiPF2EIYrPHU2U9V8d3uH8qttGpwJSWcVyt5Otn%26oauth_version%3D1.0%26track%3Da%252Cthe%252Ci%252Cyou%252Cu
2016-08-07 01:01:56,488 - oauthlib.oauth1.rfc5849 - DEBUG - Signature: nHZATy+j/OhqhjtqhO5mOJ9sm/8=
2016-08-07 01:01:56,488 - requests_oauthlib.oauth1_auth - DEBUG - Updated url: https://stream.twitter.com/1.1/statuses/filter.json?delimited=length
2016-08-07 01:01:56,488 - requests_oauthlib.oauth1_auth - DEBUG - Updated headers: {u'Content-Length': u'39', u'Content-Type': u'application/x-www-form-urlencoded', u'Authorization': u'OAuth oauth_nonce="144195045826619273781470531716", oauth_timestamp="1470531716", oauth_version="1.0", oauth_signature_method="HMAC-SHA1", oauth_consumer_key="cWbUtUlTKAmmqy6dvmAqCN2ES", oauth_token="2812253327-DiPF2EIYrPHU2U9V8d3uH8qttGpwJSWcVyt5Otn", oauth_signature="nHZATy%2Bj%2FOhqhjtqhO5mOJ9sm%2F8%3D"'}
2016-08-07 01:01:56,489 - requests_oauthlib.oauth1_auth - DEBUG - Updated body: u'track=a%2Cthe%2Ci%2Cyou%2Cu&language=en'
2016-08-07 01:01:56,489 - requests.packages.urllib3.connectionpool - INFO - Starting new HTTPS connection (3): stream.twitter.com
2016-08-07 01:01:56,592 - requests.packages.urllib3.connectionpool - DEBUG - "POST /1.1/statuses/filter.json?delimited=length HTTP/1.1" 420 36
2016-08-07 01:02:19,353 - streamparse.storm.component - ERROR - Received EOF while trying to read stdin from Storm, pipe appears to be broken, exiting.
2016-08-07 01:05:56,663 - requests_oauthlib.oauth1_auth - DEBUG - Signing request <PreparedRequest [POST]> using client <Client nonce=None, signature_method=HMAC-SHA1, realm=None, encoding=utf-8, timestamp=None, resource_owner_secret=****, decoding=None, verifier=None, signature_type=AUTH_HEADER, rsa_key=None, resource_owner_key=2812253327-DiPF2EIYrPHU2U9V8d3uH8qttGpwJSWcVyt5Otn, client_secret=****, callback_uri=None, client_key=cWbUtUlTKAmmqy6dvmAqCN2ES>
2016-08-07 01:05:56,663 - requests_oauthlib.oauth1_auth - DEBUG - Including body in call to sign: True
2016-08-07 01:05:56,664 - oauthlib.oauth1.rfc5849 - DEBUG - Collected params: [(u'delimited', u'length'), (u'oauth_nonce', u'22315449014314143611470531956'), (u'oauth_timestamp', u'1470531956'), (u'oauth_consumer_key', u'cWbUtUlTKAmmqy6dvmAqCN2ES'), (u'oauth_signature_method', u'HMAC-SHA1'), (u'oauth_version', u'1.0'), (u'oauth_token', u'2812253327-DiPF2EIYrPHU2U9V8d3uH8qttGpwJSWcVyt5Otn'), (u'track', u'a,the,i,you,u'), (u'language', u'en')]
2016-08-07 01:05:56,664 - oauthlib.oauth1.rfc5849 - DEBUG - Normalized params: delimited=length&language=en&oauth_consumer_key=cWbUtUlTKAmmqy6dvmAqCN2ES&oauth_nonce=22315449014314143611470531956&oauth_signature_method=HMAC-SHA1&oauth_timestamp=1470531956&oauth_token=2812253327-DiPF2EIYrPHU2U9V8d3uH8qttGpwJSWcVyt5Otn&oauth_version=1.0&track=a%2Cthe%2Ci%2Cyou%2Cu
2016-08-07 01:05:56,664 - oauthlib.oauth1.rfc5849 - DEBUG - Normalized URI: https://stream.twitter.com/1.1/statuses/filter.json
2016-08-07 01:05:56,664 - oauthlib.oauth1.rfc5849 - DEBUG - Base signing string: POST&https%3A%2F%2Fstream.twitter.com%2F1.1%2Fstatuses%2Ffilter.json&delimited%3Dlength%26language%3Den%26oauth_consumer_key%3DcWbUtUlTKAmmqy6dvmAqCN2ES%26oauth_nonce%3D22315449014314143611470531956%26oauth_signature_method%3DHMAC-SHA1%26oauth_timestamp%3D1470531956%26oauth_token%3D2812253327-DiPF2EIYrPHU2U9V8d3uH8qttGpwJSWcVyt5Otn%26oauth_version%3D1.0%26track%3Da%252Cthe%252Ci%252Cyou%252Cu
2016-08-07 01:05:56,665 - oauthlib.oauth1.rfc5849 - DEBUG - Signature: xam2FeqzRqAejfmPLnlg7Th6sbE=
2016-08-07 01:05:56,665 - requests_oauthlib.oauth1_auth - DEBUG - Updated url: https://stream.twitter.com/1.1/statuses/filter.json?delimited=length
2016-08-07 01:05:56,665 - requests_oauthlib.oauth1_auth - DEBUG - Updated headers: {u'Content-Length': u'39', u'Content-Type': u'application/x-www-form-urlencoded', u'Authorization': u'OAuth oauth_nonce="22315449014314143611470531956", oauth_timestamp="1470531956", oauth_version="1.0", oauth_signature_method="HMAC-SHA1", oauth_consumer_key="cWbUtUlTKAmmqy6dvmAqCN2ES", oauth_token="2812253327-DiPF2EIYrPHU2U9V8d3uH8qttGpwJSWcVyt5Otn", oauth_signature="xam2FeqzRqAejfmPLnlg7Th6sbE%3D"'}
2016-08-07 01:05:56,665 - requests_oauthlib.oauth1_auth - DEBUG - Updated body: u'track=a%2Cthe%2Ci%2Cyou%2Cu&language=en'
2016-08-07 01:05:56,666 - requests.packages.urllib3.connectionpool - INFO - Starting new HTTPS connection (4): stream.twitter.com
2016-08-07 01:05:56,763 - requests.packages.urllib3.connectionpool - DEBUG - "POST /1.1/statuses/filter.json?delimited=length HTTP/1.1" 200 None
